14-Mar-2019 00:03:59.718 INFO [main] org.apache.catalina.core.ApplicationContext.log SessionListener: contextDestroyed()
14-Mar-2019 00:03:59.718 INFO [main] org.apache.catalina.core.ApplicationContext.log ContextListener: contextDestroyed()
14-Mar-2019 00:07:47.229 INFO [main] org.apache.catalina.core.ApplicationContext.log ContextListener: contextInitialized()
14-Mar-2019 00:07:47.229 INFO [main] org.apache.catalina.core.ApplicationContext.log SessionListener: contextInitialized()
14-Mar-2019 00:07:47.232 INFO [main] org.apache.catalina.core.ApplicationContext.log ContextListener: attributeAdded('StockTicker', 'async.Stockticker@3956b302')
14-Mar-2019 00:08:57.723 INFO [Catalina-utility-1] org.apache.catalina.core.ApplicationContext.log SessionListener: contextDestroyed()
14-Mar-2019 00:08:57.725 INFO [Catalina-utility-1] org.apache.catalina.core.ApplicationContext.log ContextListener: contextDestroyed()
14-Mar-2019 00:08:59.404 INFO [Catalina-utility-1] org.apache.catalina.core.ApplicationContext.log ContextListener: contextInitialized()
14-Mar-2019 00:08:59.405 INFO [Catalina-utility-1] org.apache.catalina.core.ApplicationContext.log SessionListener: contextInitialized()
14-Mar-2019 00:08:59.406 INFO [Catalina-utility-1] org.apache.catalina.core.ApplicationContext.log ContextListener: attributeAdded('StockTicker', 'async.Stockticker@175d3ba6')
14-Mar-2019 00:09:04.837 INFO [main] org.apache.catalina.core.ApplicationContext.log SessionListener: contextDestroyed()
14-Mar-2019 00:09:04.838 INFO [main] org.apache.catalina.core.ApplicationContext.log ContextListener: contextDestroyed()
14-Mar-2019 00:09:16.254 INFO [main] org.apache.catalina.core.ApplicationContext.log ContextListener: contextInitialized()
14-Mar-2019 00:09:16.255 INFO [main] org.apache.catalina.core.ApplicationContext.log SessionListener: contextInitialized()
14-Mar-2019 00:09:16.257 INFO [main] org.apache.catalina.core.ApplicationContext.log ContextListener: attributeAdded('StockTicker', 'async.Stockticker@3956b302')
14-Mar-2019 00:09:23.373 INFO [main] org.apache.catalina.core.ApplicationContext.log ContextListener: contextInitialized()
14-Mar-2019 00:09:23.373 INFO [main] org.apache.catalina.core.ApplicationContext.log SessionListener: contextInitialized()
14-Mar-2019 00:09:23.377 INFO [main] org.apache.catalina.core.ApplicationContext.log ContextListener: attributeAdded('StockTicker', 'async.Stockticker@67427b69')
14-Mar-2019 00:09:23.699 INFO [main] org.apache.catalina.core.ApplicationContext.log SessionListener: contextDestroyed()
14-Mar-2019 00:09:23.699 INFO [main] org.apache.catalina.core.ApplicationContext.log ContextListener: contextDestroyed()
14-Mar-2019 00:11:29.989 INFO [main] org.apache.catalina.core.ApplicationContext.log SessionListener: contextDestroyed()
14-Mar-2019 00:11:29.990 INFO [main] org.apache.catalina.core.ApplicationContext.log ContextListener: contextDestroyed()
14-Mar-2019 00:11:39.883 INFO [main] org.apache.catalina.core.ApplicationContext.log ContextListener: contextInitialized()
14-Mar-2019 00:11:39.883 INFO [main] org.apache.catalina.core.ApplicationContext.log SessionListener: contextInitialized()
14-Mar-2019 00:11:39.886 INFO [main] org.apache.catalina.core.ApplicationContext.log ContextListener: attributeAdded('StockTicker', 'async.Stockticker@3956b302')
14-Mar-2019 00:16:10.831 INFO [Catalina-utility-2] org.apache.catalina.core.ApplicationContext.log SessionListener: contextDestroyed()
14-Mar-2019 00:16:10.831 INFO [Catalina-utility-2] org.apache.catalina.core.ApplicationContext.log ContextListener: contextDestroyed()
14-Mar-2019 00:16:13.699 INFO [Catalina-utility-2] org.apache.catalina.core.ApplicationContext.log ContextListener: contextInitialized()
14-Mar-2019 00:16:13.700 INFO [Catalina-utility-2] org.apache.catalina.core.ApplicationContext.log SessionListener: contextInitialized()
14-Mar-2019 00:16:13.702 INFO [Catalina-utility-2] org.apache.catalina.core.ApplicationContext.log ContextListener: attributeAdded('StockTicker', 'async.Stockticker@375a4aa6')
14-Mar-2019 00:16:55.088 INFO [main] org.apache.catalina.core.ApplicationContext.log ContextListener: contextInitialized()
14-Mar-2019 00:16:55.088 INFO [main] org.apache.catalina.core.ApplicationContext.log SessionListener: contextInitialized()
14-Mar-2019 00:16:55.091 INFO [main] org.apache.catalina.core.ApplicationContext.log ContextListener: attributeAdded('StockTicker', 'async.Stockticker@13e9f2e2')
14-Mar-2019 00:17:55.490 INFO [Catalina-utility-2] org.apache.catalina.core.ApplicationContext.log SessionListener: contextDestroyed()
14-Mar-2019 00:17:55.490 INFO [Catalina-utility-2] org.apache.catalina.core.ApplicationContext.log ContextListener: contextDestroyed()
14-Mar-2019 00:17:56.725 INFO [Catalina-utility-2] org.apache.catalina.core.ApplicationContext.log ContextListener: contextInitialized()
14-Mar-2019 00:17:56.725 INFO [Catalina-utility-2] org.apache.catalina.core.ApplicationContext.log SessionListener: contextInitialized()
14-Mar-2019 00:17:56.727 INFO [Catalina-utility-2] org.apache.catalina.core.ApplicationContext.log ContextListener: attributeAdded('StockTicker', 'async.Stockticker@321a564b')
14-Mar-2019 00:18:02.027 INFO [main] org.apache.catalina.core.ApplicationContext.log SessionListener: contextDestroyed()
14-Mar-2019 00:18:02.027 INFO [main] org.apache.catalina.core.ApplicationContext.log ContextListener: contextDestroyed()
14-Mar-2019 00:18:12.543 INFO [main] org.apache.catalina.core.ApplicationContext.log ContextListener: contextInitialized()
14-Mar-2019 00:18:12.543 INFO [main] org.apache.catalina.core.ApplicationContext.log SessionListener: contextInitialized()
14-Mar-2019 00:18:12.546 INFO [main] org.apache.catalina.core.ApplicationContext.log ContextListener: attributeAdded('StockTicker', 'async.Stockticker@13e9f2e2')
14-Mar-2019 00:36:37.631 INFO [main] org.apache.catalina.core.ApplicationContext.log SessionListener: contextDestroyed()
14-Mar-2019 00:36:37.631 INFO [main] org.apache.catalina.core.ApplicationContext.log ContextListener: contextDestroyed()
14-Mar-2019 15:31:26.870 INFO [main] org.apache.catalina.core.ApplicationContext.log ContextListener: contextInitialized()
14-Mar-2019 15:31:26.870 INFO [main] org.apache.catalina.core.ApplicationContext.log SessionListener: contextInitialized()
14-Mar-2019 15:31:26.872 INFO [main] org.apache.catalina.core.ApplicationContext.log ContextListener: attributeAdded('StockTicker', 'async.Stockticker@3a4b0e5d')
14-Mar-2019 15:34:04.346 INFO [main] org.apache.catalina.core.ApplicationContext.log SessionListener: contextDestroyed()
14-Mar-2019 15:34:04.346 INFO [main] org.apache.catalina.core.ApplicationContext.log ContextListener: contextDestroyed()
14-Mar-2019 15:36:18.038 INFO [main] org.apache.catalina.core.ApplicationContext.log ContextListener: contextInitialized()
14-Mar-2019 15:36:18.038 INFO [main] org.apache.catalina.core.ApplicationContext.log SessionListener: contextInitialized()
14-Mar-2019 15:36:18.041 INFO [main] org.apache.catalina.core.ApplicationContext.log ContextListener: attributeAdded('StockTicker', 'async.Stockticker@3b366632')
