18-Mar-2019 17:22:37.635 INFO [main] org.apache.catalina.core.ApplicationContext.log ContextListener: contextInitialized()
18-Mar-2019 17:22:37.650 INFO [main] org.apache.catalina.core.ApplicationContext.log SessionListener: contextInitialized()
18-Mar-2019 17:22:37.650 INFO [main] org.apache.catalina.core.ApplicationContext.log ContextListener: attributeAdded('StockTicker', 'async.Stockticker@59a008ba')
18-Mar-2019 17:28:07.398 INFO [main] org.apache.catalina.core.ApplicationContext.log SessionListener: contextDestroyed()
18-Mar-2019 17:28:07.398 INFO [main] org.apache.catalina.core.ApplicationContext.log ContextListener: contextDestroyed()
18-Mar-2019 17:38:22.272 INFO [main] org.apache.catalina.core.ApplicationContext.log ContextListener: contextInitialized()
18-Mar-2019 17:38:22.272 INFO [main] org.apache.catalina.core.ApplicationContext.log SessionListener: contextInitialized()
18-Mar-2019 17:38:22.272 INFO [main] org.apache.catalina.core.ApplicationContext.log ContextListener: attributeAdded('StockTicker', 'async.Stockticker@59a008ba')
18-Mar-2019 17:39:22.735 INFO [Catalina-utility-2] org.apache.catalina.core.ApplicationContext.log SessionListener: contextDestroyed()
18-Mar-2019 17:39:22.735 INFO [Catalina-utility-2] org.apache.catalina.core.ApplicationContext.log ContextListener: contextDestroyed()
18-Mar-2019 17:39:23.772 INFO [Catalina-utility-2] org.apache.catalina.core.ApplicationContext.log ContextListener: contextInitialized()
18-Mar-2019 17:39:23.772 INFO [Catalina-utility-2] org.apache.catalina.core.ApplicationContext.log SessionListener: contextInitialized()
18-Mar-2019 17:39:23.772 INFO [Catalina-utility-2] org.apache.catalina.core.ApplicationContext.log ContextListener: attributeAdded('StockTicker', 'async.Stockticker@67ffd58c')
18-Mar-2019 17:39:24.252 INFO [main] org.apache.catalina.core.ApplicationContext.log SessionListener: contextDestroyed()
18-Mar-2019 17:39:24.252 INFO [main] org.apache.catalina.core.ApplicationContext.log ContextListener: contextDestroyed()
18-Mar-2019 17:39:35.772 INFO [main] org.apache.catalina.core.ApplicationContext.log ContextListener: contextInitialized()
18-Mar-2019 17:39:35.772 INFO [main] org.apache.catalina.core.ApplicationContext.log SessionListener: contextInitialized()
18-Mar-2019 17:39:35.772 INFO [main] org.apache.catalina.core.ApplicationContext.log ContextListener: attributeAdded('StockTicker', 'async.Stockticker@59a008ba')
18-Mar-2019 17:42:33.087 INFO [main] org.apache.catalina.core.ApplicationContext.log SessionListener: contextDestroyed()
18-Mar-2019 17:42:33.087 INFO [main] org.apache.catalina.core.ApplicationContext.log ContextListener: contextDestroyed()
18-Mar-2019 17:42:44.058 INFO [main] org.apache.catalina.core.ApplicationContext.log ContextListener: contextInitialized()
18-Mar-2019 17:42:44.058 INFO [main] org.apache.catalina.core.ApplicationContext.log SessionListener: contextInitialized()
18-Mar-2019 17:42:44.062 INFO [main] org.apache.catalina.core.ApplicationContext.log ContextListener: attributeAdded('StockTicker', 'async.Stockticker@59a008ba')
18-Mar-2019 17:45:04.921 INFO [Catalina-utility-2] org.apache.catalina.core.ApplicationContext.log SessionListener: contextDestroyed()
18-Mar-2019 17:45:04.921 INFO [Catalina-utility-2] org.apache.catalina.core.ApplicationContext.log ContextListener: contextDestroyed()
18-Mar-2019 17:45:05.631 INFO [Catalina-utility-2] org.apache.catalina.core.ApplicationContext.log ContextListener: contextInitialized()
18-Mar-2019 17:45:05.631 INFO [Catalina-utility-2] org.apache.catalina.core.ApplicationContext.log SessionListener: contextInitialized()
18-Mar-2019 17:45:05.631 INFO [Catalina-utility-2] org.apache.catalina.core.ApplicationContext.log ContextListener: attributeAdded('StockTicker', 'async.Stockticker@474590ac')
18-Mar-2019 17:45:46.137 INFO [Catalina-utility-2] org.apache.catalina.core.ApplicationContext.log SessionListener: contextDestroyed()
18-Mar-2019 17:45:46.137 INFO [Catalina-utility-2] org.apache.catalina.core.ApplicationContext.log ContextListener: contextDestroyed()
18-Mar-2019 17:50:09.856 INFO [Catalina-utility-2] org.apache.catalina.core.ApplicationContext.log ContextListener: contextInitialized()
18-Mar-2019 17:50:09.856 INFO [Catalina-utility-2] org.apache.catalina.core.ApplicationContext.log SessionListener: contextInitialized()
18-Mar-2019 17:50:09.856 INFO [Catalina-utility-2] org.apache.catalina.core.ApplicationContext.log ContextListener: attributeAdded('StockTicker', 'async.Stockticker@542abdfc')
18-Mar-2019 17:50:15.300 INFO [main] org.apache.catalina.core.ApplicationContext.log SessionListener: contextDestroyed()
18-Mar-2019 17:50:15.300 INFO [main] org.apache.catalina.core.ApplicationContext.log ContextListener: contextDestroyed()
18-Mar-2019 17:50:26.479 INFO [main] org.apache.catalina.core.ApplicationContext.log ContextListener: contextInitialized()
18-Mar-2019 17:50:26.479 INFO [main] org.apache.catalina.core.ApplicationContext.log SessionListener: contextInitialized()
18-Mar-2019 17:50:26.479 INFO [main] org.apache.catalina.core.ApplicationContext.log ContextListener: attributeAdded('StockTicker', 'async.Stockticker@59a008ba')
18-Mar-2019 17:53:17.809 INFO [main] org.apache.catalina.core.ApplicationContext.log SessionListener: contextDestroyed()
18-Mar-2019 17:53:17.809 INFO [main] org.apache.catalina.core.ApplicationContext.log ContextListener: contextDestroyed()
18-Mar-2019 17:54:11.652 INFO [main] org.apache.catalina.core.ApplicationContext.log ContextListener: contextInitialized()
18-Mar-2019 17:54:11.652 INFO [main] org.apache.catalina.core.ApplicationContext.log SessionListener: contextInitialized()
18-Mar-2019 17:54:11.652 INFO [main] org.apache.catalina.core.ApplicationContext.log ContextListener: attributeAdded('StockTicker', 'async.Stockticker@22df874e')
18-Mar-2019 18:01:17.821 INFO [main] org.apache.catalina.core.ApplicationContext.log SessionListener: contextDestroyed()
18-Mar-2019 18:01:17.821 INFO [main] org.apache.catalina.core.ApplicationContext.log ContextListener: contextDestroyed()
