Mar 13, 2019 11:40:57 PM org.apache.catalina.core.ApplicationContext log
INFO: ContextListener: contextInitialized()
Mar 13, 2019 11:40:57 PM org.apache.catalina.core.ApplicationContext log
INFO: SessionListener: contextInitialized()
Mar 13, 2019 11:40:57 PM org.apache.catalina.core.ApplicationContext log
INFO: ContextListener: attributeAdded('StockTicker', 'async.Stockticker@b57105')
Mar 13, 2019 11:40:57 PM org.apache.catalina.core.ApplicationContext log
INFO: ContextListener: attributeAdded('org.apache.jasper.compiler.TldLocationsCache', 'org.apache.jasper.compiler.TldLocationsCache@38a1965a')
Mar 13, 2019 11:43:12 PM org.apache.catalina.core.ApplicationContext log
INFO: SessionListener: contextDestroyed()
Mar 13, 2019 11:43:12 PM org.apache.catalina.core.ApplicationContext log
INFO: ContextListener: contextDestroyed()
Mar 13, 2019 11:47:48 PM org.apache.catalina.core.ApplicationContext log
INFO: ContextListener: contextInitialized()
Mar 13, 2019 11:47:48 PM org.apache.catalina.core.ApplicationContext log
INFO: SessionListener: contextInitialized()
Mar 13, 2019 11:47:48 PM org.apache.catalina.core.ApplicationContext log
INFO: ContextListener: attributeAdded('StockTicker', 'async.Stockticker@434ff200')
Mar 13, 2019 11:47:48 PM org.apache.catalina.core.ApplicationContext log
INFO: ContextListener: attributeAdded('org.apache.jasper.compiler.TldLocationsCache', 'org.apache.jasper.compiler.TldLocationsCache@6b27152e')
Mar 13, 2019 11:50:49 PM org.apache.catalina.core.ApplicationContext log
INFO: SessionListener: contextDestroyed()
Mar 13, 2019 11:50:49 PM org.apache.catalina.core.ApplicationContext log
INFO: ContextListener: contextDestroyed()
Mar 13, 2019 11:53:19 PM org.apache.catalina.core.ApplicationContext log
INFO: ContextListener: contextInitialized()
Mar 13, 2019 11:53:19 PM org.apache.catalina.core.ApplicationContext log
INFO: SessionListener: contextInitialized()
Mar 13, 2019 11:53:19 PM org.apache.catalina.core.ApplicationContext log
INFO: ContextListener: attributeAdded('StockTicker', 'async.Stockticker@2931749d')
Mar 13, 2019 11:53:19 PM org.apache.catalina.core.ApplicationContext log
INFO: ContextListener: attributeAdded('org.apache.jasper.compiler.TldLocationsCache', 'org.apache.jasper.compiler.TldLocationsCache@6b1771ee')
Mar 13, 2019 11:54:12 PM org.apache.catalina.core.ApplicationContext log
INFO: SessionListener: contextDestroyed()
Mar 13, 2019 11:54:12 PM org.apache.catalina.core.ApplicationContext log
INFO: ContextListener: contextDestroyed()
13-Mar-2019 23:55:14.549 INFO [main] org.apache.catalina.core.ApplicationContext.log ContextListener: contextInitialized()
13-Mar-2019 23:55:14.549 INFO [main] org.apache.catalina.core.ApplicationContext.log SessionListener: contextInitialized()
13-Mar-2019 23:55:14.552 INFO [main] org.apache.catalina.core.ApplicationContext.log ContextListener: attributeAdded('StockTicker', 'async.Stockticker@3ba987b8')
13-Mar-2019 23:56:00.987 INFO [main] org.apache.catalina.core.ApplicationContext.log SessionListener: contextDestroyed()
13-Mar-2019 23:56:00.988 INFO [main] org.apache.catalina.core.ApplicationContext.log ContextListener: contextDestroyed()
13-Mar-2019 23:58:13.053 INFO [main] org.apache.catalina.core.ApplicationContext.log ContextListener: contextInitialized()
13-Mar-2019 23:58:13.053 INFO [main] org.apache.catalina.core.ApplicationContext.log SessionListener: contextInitialized()
13-Mar-2019 23:58:13.056 INFO [main] org.apache.catalina.core.ApplicationContext.log ContextListener: attributeAdded('StockTicker', 'async.Stockticker@5be46f9d')
